{"C:\\Chuck\\Projects\\HVL\\ui-test-poc\\woodpecker\\redux-test\\src\\configureStore.js": {"path":"C:\\Chuck\\Projects\\HVL\\ui-test-poc\\woodpecker\\redux-test\\src\\configureStore.js","statementMap":{"0":{"start":{"line":5,"column":27},"end":{"line":5,"column":39}},"1":{"start":{"line":6,"column":34},"end":{"line":6,"column":78}}},"fnMap":{},"branchMap":{},"s":{"0":2,"1":2},"f":{},"b":{},"_coverageSchema":"1a1c01bbd47fc00a2c39e90264f33305004495a9","hash":"69a8449637414404bfc37bf431752dcfbf5b841a"}
,"C:\\Chuck\\Projects\\HVL\\ui-test-poc\\woodpecker\\redux-test\\src\\actions\\action.js": {"path":"C:\\Chuck\\Projects\\HVL\\ui-test-poc\\woodpecker\\redux-test\\src\\actions\\action.js","statementMap":{"0":{"start":{"line":4,"column":4},"end":{"line":7,"column":6}}},"fnMap":{"0":{"name":"objectForDisplay","decl":{"start":{"line":3,"column":16},"end":{"line":3,"column":32}},"loc":{"start":{"line":3,"column":50},"end":{"line":8,"column":1}},"line":3}},"branchMap":{},"s":{"0":1},"f":{"0":1},"b":{},"_coverageSchema":"1a1c01bbd47fc00a2c39e90264f33305004495a9","hash":"f82849f8d6400b56431de6020e5d8e030040a838"}
,"C:\\Chuck\\Projects\\HVL\\ui-test-poc\\woodpecker\\redux-test\\src\\actions\\actionTypes.js": {"path":"C:\\Chuck\\Projects\\HVL\\ui-test-poc\\woodpecker\\redux-test\\src\\actions\\actionTypes.js","statementMap":{"0":{"start":{"line":1,"column":27},"end":{"line":3,"column":1}}},"fnMap":{},"branchMap":{},"s":{"0":2},"f":{},"b":{},"_coverageSchema":"1a1c01bbd47fc00a2c39e90264f33305004495a9","hash":"3e34cb9db34f093a6a36ff41321bcc4402b14a02"}
,"C:\\Chuck\\Projects\\HVL\\ui-test-poc\\woodpecker\\redux-test\\src\\components\\TextBoxes.js": {"path":"C:\\Chuck\\Projects\\HVL\\ui-test-poc\\woodpecker\\redux-test\\src\\components\\TextBoxes.js","statementMap":{"0":{"start":{"line":7,"column":4},"end":{"line":7,"column":17}},"1":{"start":{"line":11,"column":29},"end":{"line":11,"column":56}},"2":{"start":{"line":12,"column":4},"end":{"line":27,"column":6}},"3":{"start":{"line":16,"column":13},"end":{"line":22,"column":14}},"4":{"start":{"line":31,"column":24},"end":{"line":33,"column":1}},"5":{"start":{"line":32,"column":2},"end":{"line":32,"column":54}},"6":{"start":{"line":35,"column":27},"end":{"line":37,"column":1}},"7":{"start":{"line":36,"column":2},"end":{"line":36,"column":12}}},"fnMap":{"0":{"name":"(anonymous_0)","decl":{"start":{"line":6,"column":2},"end":{"line":6,"column":3}},"loc":{"start":{"line":6,"column":21},"end":{"line":8,"column":3}},"line":6},"1":{"name":"(anonymous_1)","decl":{"start":{"line":10,"column":2},"end":{"line":10,"column":3}},"loc":{"start":{"line":10,"column":11},"end":{"line":28,"column":3}},"line":10},"2":{"name":"(anonymous_2)","decl":{"start":{"line":15,"column":55},"end":{"line":15,"column":56}},"loc":{"start":{"line":16,"column":13},"end":{"line":22,"column":14}},"line":16},"3":{"name":"(anonymous_3)","decl":{"start":{"line":31,"column":24},"end":{"line":31,"column":25}},"loc":{"start":{"line":31,"column":35},"end":{"line":33,"column":1}},"line":31},"4":{"name":"(anonymous_4)","decl":{"start":{"line":35,"column":27},"end":{"line":35,"column":28}},"loc":{"start":{"line":35,"column":41},"end":{"line":37,"column":1}},"line":35}},"branchMap":{},"s":{"0":7,"1":7,"2":7,"3":6,"4":1,"5":7,"6":1,"7":7},"f":{"0":7,"1":7,"2":6,"3":7,"4":7},"b":{},"_coverageSchema":"1a1c01bbd47fc00a2c39e90264f33305004495a9","hash":"e44f0dc6e90b3e6707a77d2bc07350cd42a1df88"}
,"C:\\Chuck\\Projects\\HVL\\ui-test-poc\\woodpecker\\redux-test\\src\\reducers\\index.js": {"path":"C:\\Chuck\\Projects\\HVL\\ui-test-poc\\woodpecker\\redux-test\\src\\reducers\\index.js","statementMap":{},"fnMap":{},"branchMap":{},"s":{},"f":{},"b":{},"_coverageSchema":"1a1c01bbd47fc00a2c39e90264f33305004495a9","hash":"126c0fb39e834dd2f1f4376f052b422c43ff33d2"}
,"C:\\Chuck\\Projects\\HVL\\ui-test-poc\\woodpecker\\redux-test\\src\\reducers\\textBoxesReducer.js": {"path":"C:\\Chuck\\Projects\\HVL\\ui-test-poc\\woodpecker\\redux-test\\src\\reducers\\textBoxesReducer.js","statementMap":{"0":{"start":{"line":4,"column":4},"end":{"line":9,"column":5}},"1":{"start":{"line":6,"column":12},"end":{"line":6,"column":43}},"2":{"start":{"line":8,"column":12},"end":{"line":8,"column":25}}},"fnMap":{"0":{"name":"objectForDisplay","decl":{"start":{"line":3,"column":16},"end":{"line":3,"column":32}},"loc":{"start":{"line":3,"column":55},"end":{"line":10,"column":1}},"line":3}},"branchMap":{"0":{"loc":{"start":{"line":3,"column":34},"end":{"line":3,"column":44}},"type":"default-arg","locations":[{"start":{"line":3,"column":42},"end":{"line":3,"column":44}}],"line":3},"1":{"loc":{"start":{"line":4,"column":4},"end":{"line":9,"column":5}},"type":"switch","locations":[{"start":{"line":5,"column":8},"end":{"line":6,"column":43}},{"start":{"line":7,"column":8},"end":{"line":8,"column":25}}],"line":4}},"s":{"0":15,"1":1,"2":14},"f":{"0":15},"b":{"0":[7],"1":[1,14]},"_coverageSchema":"1a1c01bbd47fc00a2c39e90264f33305004495a9","hash":"b3322f81c85deeb5714f7000a7be244170db376a"}
,"C:\\Chuck\\Projects\\HVL\\ui-test-poc\\woodpecker\\redux-test\\test\\testUtils.js": {"path":"C:\\Chuck\\Projects\\HVL\\ui-test-poc\\woodpecker\\redux-test\\test\\testUtils.js","statementMap":{"0":{"start":{"line":5,"column":28},"end":{"line":9,"column":3}},"1":{"start":{"line":6,"column":38},"end":{"line":6,"column":82}},"2":{"start":{"line":7,"column":23},"end":{"line":7,"column":75}},"3":{"start":{"line":8,"column":4},"end":{"line":8,"column":22}},"4":{"start":{"line":11,"column":40},"end":{"line":13,"column":1}},"5":{"start":{"line":12,"column":4},"end":{"line":12,"column":57}},"6":{"start":{"line":15,"column":48},"end":{"line":17,"column":1}},"7":{"start":{"line":16,"column":4},"end":{"line":16,"column":68}}},"fnMap":{"0":{"name":"(anonymous_0)","decl":{"start":{"line":5,"column":28},"end":{"line":5,"column":29}},"loc":{"start":{"line":5,"column":45},"end":{"line":9,"column":3}},"line":5},"1":{"name":"(anonymous_1)","decl":{"start":{"line":11,"column":40},"end":{"line":11,"column":41}},"loc":{"start":{"line":11,"column":58},"end":{"line":13,"column":1}},"line":11},"2":{"name":"(anonymous_2)","decl":{"start":{"line":15,"column":48},"end":{"line":15,"column":49}},"loc":{"start":{"line":15,"column":66},"end":{"line":17,"column":1}},"line":15}},"branchMap":{},"s":{"0":2,"1":8,"2":8,"3":8,"4":2,"5":4,"6":2,"7":2},"f":{"0":8,"1":4,"2":2},"b":{},"_coverageSchema":"1a1c01bbd47fc00a2c39e90264f33305004495a9","hash":"75f89ab523a83cfa1f0024f31a5fa1223d5eb782"}
}
