TN:
SF:src\configureStore.js
FNF:0
FNH:0
DA:5,2
DA:6,2
LF:2
LH:2
BRF:0
BRH:0
end_of_record
TN:
SF:src\actions\action.js
FN:3,objectForDisplay
FNF:1
FNH:1
FNDA:1,objectForDisplay
DA:4,1
LF:1
LH:1
BRF:0
BRH:0
end_of_record
TN:
SF:src\actions\actionTypes.js
FNF:0
FNH:0
DA:1,2
LF:1
LH:1
BRF:0
BRH:0
end_of_record
TN:
SF:src\components\TextBoxes.js
FN:6,(anonymous_0)
FN:10,(anonymous_1)
FN:15,(anonymous_2)
FN:31,(anonymous_3)
FN:35,(anonymous_4)
FNF:5
FNH:5
FNDA:7,(anonymous_0)
FNDA:7,(anonymous_1)
FNDA:6,(anonymous_2)
FNDA:7,(anonymous_3)
FNDA:7,(anonymous_4)
DA:7,7
DA:11,7
DA:12,7
DA:16,6
DA:31,1
DA:32,7
DA:35,1
DA:36,7
LF:8
LH:8
BRF:0
BRH:0
end_of_record
TN:
SF:src\reducers\index.js
FNF:0
FNH:0
LF:0
LH:0
BRF:0
BRH:0
end_of_record
TN:
SF:src\reducers\textBoxesReducer.js
FN:3,objectForDisplay
FNF:1
FNH:1
FNDA:15,objectForDisplay
DA:4,15
DA:6,1
DA:8,14
LF:3
LH:3
BRDA:3,0,0,7
BRDA:4,1,0,1
BRDA:4,1,1,14
BRF:3
BRH:3
end_of_record
TN:
SF:test\testUtils.js
FN:5,(anonymous_0)
FN:11,(anonymous_1)
FN:15,(anonymous_2)
FNF:3
FNH:3
FNDA:8,(anonymous_0)
FNDA:4,(anonymous_1)
FNDA:2,(anonymous_2)
DA:5,2
DA:6,8
DA:7,8
DA:8,8
DA:11,2
DA:12,4
DA:15,2
DA:16,2
LF:8
LH:8
BRF:0
BRH:0
end_of_record
